<?xml version="1.0" encoding="UTF-8"?>
<beans xmlns="http://www.springframework.org/schema/beans"
       xmlns:xsi="http://www.w3.org/2001/XMLSchema-instance"
       xmlns:context="http://www.springframework.org/schema/context"
       xmlns:aop="http://www.springframework.org/schema/aop"
       xmlns:p="http://www.springframework.org/schema/p"
       xsi:schemaLocation="http://www.springframework.org/schema/beans http://www.springframework.org/schema/beans/spring-beans-4.1.xsd
	http://www.springframework.org/schema/aop http://www.springframework.org/schema/aop/spring-aop.xsd
	http://www.springframework.org/schema/context http://www.springframework.org/schema/context/spring-context-4.1.xsd">

    <!-- init begin-->
    <context:property-placeholder location="classpath*:conf/*-conf.properties" ignore-unresolvable="true"/>
    <bean id="springTool" class="org.soul.commons.spring.utils.SpringTool"/>
    <bean id="commonConf" class="org.soul.commons.support.CommonConf"/>
    <!-- init end-->

    <!--common begin-->
    <import resource="classpath*:conf/soul-cache.xml" />
    <import resource="classpath*:/conf/commons-redis.xml"/>
    <!--common end-->

    <!--service begin-->
    <import resource="classpath*:/conf/service-cache-appCtx.xml"/>
    <import resource="classpath*:/conf/service-common-appCtx.xml"/>


    <import resource="classpath*:/conf/service-biz-api.xml"/>
    <import resource="classpath*:/conf/service-biz-player.xml"/>
    <!--service end-->

</beans>
